<?xml version="1.0" encoding="UTF-8"?>
<testng-results skipped="0" failed="0" ignored="0" total="2" passed="2">
  <reporter-output>
  </reporter-output>
  <suite name="Default suite" duration-ms="42359" started-at="2019-09-30T05:45:38Z" finished-at="2019-09-30T05:46:21Z">
    <groups>
    </groups>
    <test name="Default test" duration-ms="42359" started-at="2019-09-30T05:45:38Z" finished-at="2019-09-30T05:46:21Z">
      <class name="com.ww.qa.testcases.StudiosandMeetingsTestCase">
        <test-method status="PASS" signature="setUp()[pri:0, instance:com.ww.qa.testcases.StudiosandMeetingsTestCase@111346a]" name="setUp" is-config="true" duration-ms="16834" started-at="2019-09-30T05:45:38Z" finished-at="2019-09-30T05:45:55Z">
          <reporter-output>
          </reporter-output>
        </test-method> <!-- setUp -->
        <test-method status="PASS" signature="HomePageTitle()[pri:1, instance:com.ww.qa.testcases.StudiosandMeetingsTestCase@111346a]" name="HomePageTitle" duration-ms="30" started-at="2019-09-30T05:45:55Z" finished-at="2019-09-30T05:45:55Z">
          <reporter-output>
          </reporter-output>
        </test-method> <!-- HomePageTitle -->
        <test-method status="PASS" signature="tearDown()[pri:0, instance:com.ww.qa.testcases.StudiosandMeetingsTestCase@111346a]" name="tearDown" is-config="true" duration-ms="1213" started-at="2019-09-30T05:45:55Z" finished-at="2019-09-30T05:45:56Z">
          <reporter-output>
          </reporter-output>
        </test-method> <!-- tearDown -->
        <test-method status="PASS" signature="setUp()[pri:0, instance:com.ww.qa.testcases.StudiosandMeetingsTestCase@111346a]" name="setUp" is-config="true" duration-ms="16528" started-at="2019-09-30T05:45:56Z" finished-at="2019-09-30T05:46:13Z">
          <reporter-output>
          </reporter-output>
        </test-method> <!-- setUp -->
        <test-method status="PASS" signature="findStudio()[pri:2, instance:com.ww.qa.testcases.StudiosandMeetingsTestCase@111346a]" name="findStudio" duration-ms="6467" started-at="2019-09-30T05:46:13Z" finished-at="2019-09-30T05:46:19Z">
          <reporter-output>
          </reporter-output>
        </test-method> <!-- findStudio -->
        <test-method status="PASS" signature="tearDown()[pri:0, instance:com.ww.qa.testcases.StudiosandMeetingsTestCase@111346a]" name="tearDown" is-config="true" duration-ms="1234" started-at="2019-09-30T05:46:19Z" finished-at="2019-09-30T05:46:21Z">
          <reporter-output>
          </reporter-output>
        </test-method> <!-- tearDown -->
      </class> <!-- com.ww.qa.testcases.StudiosandMeetingsTestCase -->
    </test> <!-- Default test -->
  </suite> <!-- Default suite -->
</testng-results>
